C:\USERS\RSG\DOCUMENTS\KT\OO C++\TRAINS 2.0\TRAINS 2.0\DEBUG\EVENT.OBJ
C:\USERS\RSG\DOCUMENTS\KT\OO C++\TRAINS 2.0\TRAINS 2.0\DEBUG\MOCKCLASS.OBJ
C:\USERS\RSG\DOCUMENTS\KT\OO C++\TRAINS 2.0\TRAINS 2.0\DEBUG\ROUTE.OBJ
C:\USERS\RSG\DOCUMENTS\KT\OO C++\TRAINS 2.0\TRAINS 2.0\DEBUG\SIMULATION.OBJ
C:\USERS\RSG\DOCUMENTS\KT\OO C++\TRAINS 2.0\TRAINS 2.0\DEBUG\STATION.OBJ
C:\USERS\RSG\DOCUMENTS\KT\OO C++\TRAINS 2.0\TRAINS 2.0\DEBUG\TESTPROGRAM.OBJ
C:\USERS\RSG\DOCUMENTS\KT\OO C++\TRAINS 2.0\TRAINS 2.0\DEBUG\TRAIN.OBJ
C:\USERS\RSG\DOCUMENTS\KT\OO C++\TRAINS 2.0\TRAINS 2.0\DEBUG\WAGON.OBJ
C:\USERS\RSG\DOCUMENTS\KT\OO C++\TRAINS 2.0\TRAINS 2.0\DEBUG\WAGONPOOL.OBJ
C:\USERS\RSG\DOCUMENTS\KT\OO C++\TRAINS 2.0\TRAINS 2.0\DEBUG\VC110.PDB
C:\USERS\RSG\DOCUMENTS\KT\OO C++\TRAINS 2.0\TRAINS 2.0\DEBUG\RAILWAY.OBJ
C:\Users\Rsg\Documents\KT\OO C++\Trains 2.0\Trains 2.0\Debug\Event.obj
C:\Users\Rsg\Documents\KT\OO C++\Trains 2.0\Trains 2.0\Debug\MockClass.obj
C:\Users\Rsg\Documents\KT\OO C++\Trains 2.0\Trains 2.0\Debug\Railway.obj
C:\Users\Rsg\Documents\KT\OO C++\Trains 2.0\Trains 2.0\Debug\Route.obj
C:\Users\Rsg\Documents\KT\OO C++\Trains 2.0\Trains 2.0\Debug\Simulation.obj
C:\Users\Rsg\Documents\KT\OO C++\Trains 2.0\Trains 2.0\Debug\Station.obj
C:\Users\Rsg\Documents\KT\OO C++\Trains 2.0\Trains 2.0\Debug\TestProgram.obj
C:\Users\Rsg\Documents\KT\OO C++\Trains 2.0\Trains 2.0\Debug\Train.obj
C:\Users\Rsg\Documents\KT\OO C++\Trains 2.0\Trains 2.0\Debug\WagonPool.obj
C:\Users\Rsg\Documents\KT\OO C++\Trains 2.0\Trains 2.0\Debug\cl.command.1.tlog
C:\Users\Rsg\Documents\KT\OO C++\Trains 2.0\Trains 2.0\Debug\CL.read.1.tlog
C:\Users\Rsg\Documents\KT\OO C++\Trains 2.0\Trains 2.0\Debug\CL.write.1.tlog
C:\Users\Rsg\Documents\KT\OO C++\Trains 2.0\Trains 2.0\Debug\link-cvtres.read.1.tlog
C:\Users\Rsg\Documents\KT\OO C++\Trains 2.0\Trains 2.0\Debug\link-cvtres.write.1.tlog
C:\Users\Rsg\Documents\KT\OO C++\Trains 2.0\Trains 2.0\Debug\link-rc.read.1.tlog
C:\Users\Rsg\Documents\KT\OO C++\Trains 2.0\Trains 2.0\Debug\link-rc.write.1.tlog
C:\Users\Rsg\Documents\KT\OO C++\Trains 2.0\Trains 2.0\Debug\link.5732-cvtres.read.1.tlog
C:\Users\Rsg\Documents\KT\OO C++\Trains 2.0\Trains 2.0\Debug\link.5732-cvtres.write.1.tlog
C:\Users\Rsg\Documents\KT\OO C++\Trains 2.0\Trains 2.0\Debug\link.5732-rc.read.1.tlog
C:\Users\Rsg\Documents\KT\OO C++\Trains 2.0\Trains 2.0\Debug\link.5732-rc.write.1.tlog
C:\Users\Rsg\Documents\KT\OO C++\Trains 2.0\Trains 2.0\Debug\link.5732.read.1.tlog
C:\Users\Rsg\Documents\KT\OO C++\Trains 2.0\Trains 2.0\Debug\link.5732.write.1.tlog
C:\Users\Rsg\Documents\KT\OO C++\Trains 2.0\Trains 2.0\Debug\link.5796-cvtres.read.1.tlog
C:\Users\Rsg\Documents\KT\OO C++\Trains 2.0\Trains 2.0\Debug\link.5796-cvtres.write.1.tlog
C:\Users\Rsg\Documents\KT\OO C++\Trains 2.0\Trains 2.0\Debug\link.5796-rc.read.1.tlog
C:\Users\Rsg\Documents\KT\OO C++\Trains 2.0\Trains 2.0\Debug\link.5796-rc.write.1.tlog
C:\Users\Rsg\Documents\KT\OO C++\Trains 2.0\Trains 2.0\Debug\link.5796.read.1.tlog
C:\Users\Rsg\Documents\KT\OO C++\Trains 2.0\Trains 2.0\Debug\link.5796.write.1.tlog
C:\Users\Rsg\Documents\KT\OO C++\Trains 2.0\Trains 2.0\Debug\link.6188-cvtres.read.1.tlog
C:\Users\Rsg\Documents\KT\OO C++\Trains 2.0\Trains 2.0\Debug\link.6188-cvtres.write.1.tlog
C:\Users\Rsg\Documents\KT\OO C++\Trains 2.0\Trains 2.0\Debug\link.6188-rc.read.1.tlog
C:\Users\Rsg\Documents\KT\OO C++\Trains 2.0\Trains 2.0\Debug\link.6188-rc.write.1.tlog
C:\Users\Rsg\Documents\KT\OO C++\Trains 2.0\Trains 2.0\Debug\link.6188.read.1.tlog
C:\Users\Rsg\Documents\KT\OO C++\Trains 2.0\Trains 2.0\Debug\link.6188.write.1.tlog
C:\Users\Rsg\Documents\KT\OO C++\Trains 2.0\Trains 2.0\Debug\link.command.1.tlog
C:\Users\Rsg\Documents\KT\OO C++\Trains 2.0\Trains 2.0\Debug\link.read.1.tlog
C:\Users\Rsg\Documents\KT\OO C++\Trains 2.0\Trains 2.0\Debug\link.write.1.tlog
C:\Users\Rsg\Documents\KT\OO C++\Trains 2.0\Trains 2.0\Debug\vc110.idb
C:\Users\Rsg\Documents\KT\OO C++\Trains 2.0\Trains 2.0\Debug\vc110.pdb
C:\Users\Rsg\Documents\KT\OO C++\Trains 2.0\Debug\Trains 2.0.pdb
